生成启动时间为 2018/12/13 18:56:25。
     1>项目“D:\15PB\15PBproject\MFC控件\对话框\对话框.vcxproj”在节点 2 上(Build 个目标)。
     1>ClCompile:
         C:\Program Files (x86)\Microsoft Visual Studio 12.0\VC\bin\CL.exe /c /ZI /nologo /W3 /WX- /sdl /Od /Oy- /D WIN32 /D _WINDOWS /D _DEBUG /D _UNICODE /D UNICODE /D _AFXDLL /Gm /EHsc /RTC1 /MDd /GS /fp:precise /Zc:wchar_t /Zc:forScope /Yu"stdafx.h" /Fp"Debug\对话框.pch" /Fo"Debug\\" /Fd"Debug\vc120.pdb" /Gd /TP /analyze- /errorReport:prompt DlgExec.cpp DlgShow.cpp "对话框.cpp" "对话框Dlg.cpp"
         对话框Dlg.cpp
         正在生成代码...
         正在编译...
         对话框.cpp
         DlgShow.cpp
         DlgExec.cpp
         正在生成代码...
       ResourceCompile:
         C:\Program Files (x86)\Windows Kits\8.1\bin\x86\rc.exe /D _DEBUG /D _UNICODE /D UNICODE /D _AFXDLL /l"0x0804" /IDebug\ /nologo /fo"Debug\对话框.res" "对话框.rc" 
       Link:
         C:\Program Files (x86)\Microsoft Visual Studio 12.0\VC\bin\link.exe /ERRORREPORT:PROMPT /OUT:"D:\15PB\15PBproject\MFC控件\Debug\对话框.exe" /INCREMENTAL /NOLOGO /MANIFEST /MANIFESTUAC:"level='asInvoker' uiAccess='false'" /manifest:embed /manifestinput:"C:\Program Files (x86)\Microsoft Visual Studio 12.0\VC\Include\Manifest\dpiaware.manifest" /DEBUG /PDB:"D:\15PB\15PBproject\MFC控件\Debug\对话框.pdb" /SUBSYSTEM:WINDOWS /TLBID:1 /ENTRY:"wWinMainCRTStartup" /DYNAMICBASE /NXCOMPAT /IMPLIB:"D:\15PB\15PBproject\MFC控件\Debug\对话框.lib" /MACHINE:X86 "Debug\对话框.res"
         Debug\DlgExec.obj
         Debug\DlgShow.obj
         Debug\stdafx.obj
         "Debug\对话框.obj"
         "Debug\对话框Dlg.obj"
         对话框.vcxproj -> D:\15PB\15PBproject\MFC控件\Debug\对话框.exe
     1>已完成生成项目“D:\15PB\15PBproject\MFC控件\对话框\对话框.vcxproj”(Build 个目标)的操作。

生成成功。

已用时间 00:00:01.34
